<?xml version="1.0" encoding="UTF-8"?>
<!-- Generated by org.testng.reporters.JUnitXMLReporter -->
<testsuite ignored="0" hostname="DESKTOP-HGBR7TQ" failures="0" tests="4" name="Test" time="5.549" errors="0" timestamp="2023-04-19T19:22:37 IST">
  <testcase classname="api_testing.Loginautomation" name="loginPage" time="4.743"/>
  <testcase classname="api_testing.AddProduct" name="AddProductToApp" time="0.409"/>
  <testcase classname="api_testing.PlaceOrder" name="placeOrders" time="0.156"/>
  <testcase classname="api_testing.DeleteProduct" name="deleteProductFromApp" time="0.124"/>
</testsuite> <!-- Test -->
