<?xml version="1.0" encoding="UTF-8"?>
<!-- Generated by org.testng.reporters.JUnitXMLReporter -->
<testsuite ignored="2" hostname="DESKTOP-HGBR7TQ" failures="0" tests="7" name="Test" time="15.52" errors="0" timestamp="2023-02-10T22:27:16 IST">
  <testcase classname="test.Logintest" name="verifyBuildTitleName" time="0.032"/>
  <testcase classname="test.Logintest" name="verifyTitleOfLoginPage" time="0.57"/>
  <testcase classname="test.Logintest" name="verifyCurrentUrlOfPage" time="0.018"/>
  <testcase classname="test.Logintest" name="verifyLoginWithCorrectCredentials" time="2.639"/>
  <testcase classname="test.PIMTest" name="verifyPimPageTitle" time="1.986"/>
  <testcase classname="test.PIMTest" name="verifyEmpSearchEmpId" time="0.376"/>
  <testcase classname="test.PIMTest" name="TestIngChanges" time="0.003"/>
  <testcase classname="test.BaseTest" name="@BeforeSuite initBrowser" time="0.0">
    <ignored/>
  </testcase> <!-- @BeforeSuite initBrowser -->
  <testcase classname="test.BaseTest" name="@AfterSuite logoutUser" time="0.0">
    <ignored/>
  </testcase> <!-- @AfterSuite logoutUser -->
</testsuite> <!-- Test -->
