<?xml version="1.0" encoding="UTF-8"?>
<testng-results ignored="2" total="9" passed="7" failed="0" skipped="0">
  <reporter-output>
  </reporter-output>
  <suite started-at="2023-04-19T15:59:25 IST" name="Suite" finished-at="2023-04-19T15:59:44 IST" duration-ms="19225">
    <groups>
      <group name="regression">
        <method signature="Logintest.verifyBuildTitleName()[pri:-1, instance:test.Logintest@1c7696c6]" name="verifyBuildTitleName" class="test.Logintest"/>
        <method signature="Logintest.verifyTitleOfLoginPage()[pri:0, instance:test.Logintest@1c7696c6]" name="verifyTitleOfLoginPage" class="test.Logintest"/>
        <method signature="Logintest.verifyCurrentUrlOfPage()[pri:1, instance:test.Logintest@1c7696c6]" name="verifyCurrentUrlOfPage" class="test.Logintest"/>
        <method signature="Logintest.verifyLoginWithCorrectCredentials()[pri:2, instance:test.Logintest@1c7696c6]" name="verifyLoginWithCorrectCredentials" class="test.Logintest"/>
        <method signature="PIMTest.verifyPimPageTitle()[pri:3, instance:test.PIMTest@6892b3b6]" name="verifyPimPageTitle" class="test.PIMTest"/>
        <method signature="PIMTest.verifyEmpSearchEmpId()[pri:4, instance:test.PIMTest@6892b3b6]" name="verifyEmpSearchEmpId" class="test.PIMTest"/>
        <method signature="PIMTest.TestIngChanges()[pri:5, instance:test.PIMTest@6892b3b6]" name="TestIngChanges" class="test.PIMTest"/>
      </group> <!-- regression -->
      <group name="smoke">
        <method signature="Logintest.verifyBuildTitleName()[pri:-1, instance:test.Logintest@1c7696c6]" name="verifyBuildTitleName" class="test.Logintest"/>
        <method signature="Logintest.verifyTitleOfLoginPage()[pri:0, instance:test.Logintest@1c7696c6]" name="verifyTitleOfLoginPage" class="test.Logintest"/>
        <method signature="Logintest.verifyCurrentUrlOfPage()[pri:1, instance:test.Logintest@1c7696c6]" name="verifyCurrentUrlOfPage" class="test.Logintest"/>
        <method signature="Logintest.verifyLoginWithCorrectCredentials()[pri:2, instance:test.Logintest@1c7696c6]" name="verifyLoginWithCorrectCredentials" class="test.Logintest"/>
        <method signature="PIMTest.verifyPimPageTitle()[pri:3, instance:test.PIMTest@6892b3b6]" name="verifyPimPageTitle" class="test.PIMTest"/>
        <method signature="PIMTest.verifyEmpSearchEmpId()[pri:4, instance:test.PIMTest@6892b3b6]" name="verifyEmpSearchEmpId" class="test.PIMTest"/>
        <method signature="PIMTest.TestIngChanges()[pri:5, instance:test.PIMTest@6892b3b6]" name="TestIngChanges" class="test.PIMTest"/>
      </group> <!-- smoke -->
    </groups>
    <test started-at="2023-04-19T15:59:25 IST" name="Test" finished-at="2023-04-19T15:59:44 IST" duration-ms="19225">
      <class name="test.PIMTest">
        <test-method is-config="true" signature="pageObjects()[pri:0, instance:test.PIMTest@6892b3b6]" started-at="2023-04-19T15:59:34 IST" name="pageObjects" finished-at="2023-04-19T15:59:34 IST" duration-ms="6" status="PASS">
          <reporter-output>
          </reporter-output>
        </test-method> <!-- pageObjects -->
        <test-method is-config="true" signature="login()[pri:0, instance:test.PIMTest@6892b3b6]" started-at="2023-04-19T15:59:34 IST" name="login" finished-at="2023-04-19T15:59:37 IST" duration-ms="3124" status="PASS">
          <reporter-output>
          </reporter-output>
        </test-method> <!-- login -->
        <test-method signature="verifyPimPageTitle()[pri:3, instance:test.PIMTest@6892b3b6]" started-at="2023-04-19T15:59:37 IST" name="verifyPimPageTitle" finished-at="2023-04-19T15:59:39 IST" duration-ms="2145" status="PASS">
          <reporter-output>
          </reporter-output>
        </test-method> <!-- verifyPimPageTitle -->
        <test-method signature="verifyEmpSearchEmpId()[pri:4, instance:test.PIMTest@6892b3b6]" started-at="2023-04-19T15:59:39 IST" name="verifyEmpSearchEmpId" finished-at="2023-04-19T15:59:41 IST" duration-ms="1204" status="PASS">
          <reporter-output>
          </reporter-output>
        </test-method> <!-- verifyEmpSearchEmpId -->
        <test-method signature="TestIngChanges()[pri:5, instance:test.PIMTest@6892b3b6]" started-at="2023-04-19T15:59:41 IST" name="TestIngChanges" finished-at="2023-04-19T15:59:41 IST" duration-ms="2" status="PASS">
          <reporter-output>
          </reporter-output>
        </test-method> <!-- TestIngChanges -->
        <test-method is-config="true" signature="logOutUser()[pri:0, instance:test.PIMTest@6892b3b6]" started-at="2023-04-19T15:59:41 IST" name="logOutUser" finished-at="2023-04-19T15:59:44 IST" duration-ms="3640" status="PASS">
          <reporter-output>
          </reporter-output>
        </test-method> <!-- logOutUser -->
      </class> <!-- test.PIMTest -->
      <class name="test.Logintest">
        <test-method is-config="true" signature="initBrowser()[pri:0, instance:test.Logintest@1c7696c6]" started-at="2023-04-19T15:59:04 IST" name="initBrowser" finished-at="2023-04-19T15:59:25 IST" duration-ms="20605" status="PASS">
          <reporter-output>
          </reporter-output>
        </test-method> <!-- initBrowser -->
        <test-method is-config="true" signature="pageObjects()[pri:0, instance:test.Logintest@1c7696c6]" started-at="2023-04-19T15:59:25 IST" name="pageObjects" finished-at="2023-04-19T15:59:25 IST" duration-ms="84" status="PASS">
          <reporter-output>
          </reporter-output>
        </test-method> <!-- pageObjects -->
        <test-method signature="verifyBuildTitleName()[pri:-1, instance:test.Logintest@1c7696c6]" started-at="2023-04-19T15:59:25 IST" name="verifyBuildTitleName" finished-at="2023-04-19T15:59:25 IST" duration-ms="46" status="PASS">
          <reporter-output>
          </reporter-output>
        </test-method> <!-- verifyBuildTitleName -->
        <test-method signature="verifyTitleOfLoginPage()[pri:0, instance:test.Logintest@1c7696c6]" started-at="2023-04-19T15:59:25 IST" name="verifyTitleOfLoginPage" finished-at="2023-04-19T15:59:27 IST" duration-ms="1364" status="PASS">
          <reporter-output>
          </reporter-output>
        </test-method> <!-- verifyTitleOfLoginPage -->
        <test-method signature="verifyCurrentUrlOfPage()[pri:1, instance:test.Logintest@1c7696c6]" started-at="2023-04-19T15:59:27 IST" name="verifyCurrentUrlOfPage" finished-at="2023-04-19T15:59:27 IST" duration-ms="19" status="PASS">
          <reporter-output>
          </reporter-output>
        </test-method> <!-- verifyCurrentUrlOfPage -->
        <test-method signature="verifyLoginWithCorrectCredentials()[pri:2, instance:test.Logintest@1c7696c6]" started-at="2023-04-19T15:59:27 IST" name="verifyLoginWithCorrectCredentials" finished-at="2023-04-19T15:59:30 IST" duration-ms="3606" status="PASS">
          <reporter-output>
          </reporter-output>
        </test-method> <!-- verifyLoginWithCorrectCredentials -->
        <test-method is-config="true" signature="logOutUser()[pri:0, instance:test.Logintest@1c7696c6]" started-at="2023-04-19T15:59:30 IST" name="logOutUser" finished-at="2023-04-19T15:59:34 IST" duration-ms="3842" status="PASS">
          <reporter-output>
          </reporter-output>
        </test-method> <!-- logOutUser -->
        <test-method is-config="true" signature="logoutUser()[pri:0, instance:test.Logintest@1c7696c6]" started-at="2023-04-19T15:59:45 IST" name="logoutUser" finished-at="2023-04-19T15:59:46 IST" duration-ms="1513" status="PASS">
          <reporter-output>
          </reporter-output>
        </test-method> <!-- logoutUser -->
      </class> <!-- test.Logintest -->
    </test> <!-- Test -->
  </suite> <!-- Suite -->
</testng-results>
