<?xml version="1.0" encoding="UTF-8"?>
<!-- Generated by org.testng.reporters.JUnitXMLReporter -->
<testsuite ignored="2" hostname="DESKTOP-HGBR7TQ" failures="0" tests="7" name="Test" time="19.225" errors="0" timestamp="2023-04-19T15:59:44 IST">
  <testcase classname="test.Logintest" name="verifyBuildTitleName" time="0.046"/>
  <testcase classname="test.Logintest" name="verifyTitleOfLoginPage" time="1.364"/>
  <testcase classname="test.Logintest" name="verifyCurrentUrlOfPage" time="0.019"/>
  <testcase classname="test.Logintest" name="verifyLoginWithCorrectCredentials" time="3.606"/>
  <testcase classname="test.PIMTest" name="verifyPimPageTitle" time="2.145"/>
  <testcase classname="test.PIMTest" name="verifyEmpSearchEmpId" time="1.204"/>
  <testcase classname="test.PIMTest" name="TestIngChanges" time="0.002"/>
  <testcase classname="test.BaseTest" name="@BeforeSuite initBrowser" time="0.0">
    <ignored/>
  </testcase> <!-- @BeforeSuite initBrowser -->
  <testcase classname="test.BaseTest" name="@AfterSuite logoutUser" time="0.0">
    <ignored/>
  </testcase> <!-- @AfterSuite logoutUser -->
</testsuite> <!-- Test -->
